CRITICAL - 2023-11-18 04:10:40 --> Cannot modify header information - headers already sent by (output started at C:\xampp\htdocs\jb\app\Config\Events.php:32)
in APPPATH\Filters\Cors.php on line 28.
 1 [internal function]: CodeIgniter\Debug\Exceptions->errorHandler(2, 'Cannot modify header information - headers already sent by (output started at C:\\xampp\\htdocs\\jb\\app\\Config\\Events.php:32)', 'APPPATH\\Filters\\Cors.php', 28)
 2 APPPATH\Filters\Cors.php(28): header('Access-Control-Allow-Origin: *')
 3 SYSTEMPATH\Filters\Filters.php(173): App\Filters\Cors->before(Object(CodeIgniter\HTTP\IncomingRequest), null)
 4 SYSTEMPATH\CodeIgniter.php(473): CodeIgniter\Filters\Filters->run('C:\\', 'before')
 5 SYSTEMPATH\CodeIgniter.php(368): CodeIgniter\CodeIgniter->handleRequest(null, Object(Config\Cache), false)
 6 FCPATH\index.php(74): CodeIgniter\CodeIgniter->run()
CRITICAL - 2023-11-18 04:13:29 --> Cannot modify header information - headers already sent by (output started at C:\xampp\htdocs\jb\app\Config\Events.php:32)
in APPPATH\Filters\Cors.php on line 28.
 1 [internal function]: CodeIgniter\Debug\Exceptions->errorHandler(2, 'Cannot modify header information - headers already sent by (output started at C:\\xampp\\htdocs\\jb\\app\\Config\\Events.php:32)', 'APPPATH\\Filters\\Cors.php', 28)
 2 APPPATH\Filters\Cors.php(28): header('Access-Control-Allow-Origin: *')
 3 SYSTEMPATH\Filters\Filters.php(173): App\Filters\Cors->before(Object(CodeIgniter\HTTP\IncomingRequest), null)
 4 SYSTEMPATH\CodeIgniter.php(473): CodeIgniter\Filters\Filters->run('C:\\', 'before')
 5 SYSTEMPATH\CodeIgniter.php(368): CodeIgniter\CodeIgniter->handleRequest(null, Object(Config\Cache), false)
 6 FCPATH\index.php(74): CodeIgniter\CodeIgniter->run()
CRITICAL - 2023-11-18 04:14:36 --> Cannot modify header information - headers already sent by (output started at C:\xampp\htdocs\jb\app\Config\Events.php:32)
in APPPATH\Filters\Cors.php on line 28.
 1 [internal function]: CodeIgniter\Debug\Exceptions->errorHandler(2, 'Cannot modify header information - headers already sent by (output started at C:\\xampp\\htdocs\\jb\\app\\Config\\Events.php:32)', 'APPPATH\\Filters\\Cors.php', 28)
 2 APPPATH\Filters\Cors.php(28): header('Access-Control-Allow-Origin: *')
 3 SYSTEMPATH\Filters\Filters.php(173): App\Filters\Cors->before(Object(CodeIgniter\HTTP\IncomingRequest), null)
 4 SYSTEMPATH\CodeIgniter.php(473): CodeIgniter\Filters\Filters->run('C:\\', 'before')
 5 SYSTEMPATH\CodeIgniter.php(368): CodeIgniter\CodeIgniter->handleRequest(null, Object(Config\Cache), false)
 6 FCPATH\index.php(74): CodeIgniter\CodeIgniter->run()
CRITICAL - 2023-11-18 04:19:24 --> CodeIgniter\Router\RouteCollection::__construct(): Argument #3 ($routing) must be of type Config\Routing, null given, called in C:\xampp\htdocs\jb\system\Config\Services.php on line 618
in SYSTEMPATH\Router\RouteCollection.php on line 285.
 1 SYSTEMPATH\Config\Services.php(618): CodeIgniter\Router\RouteCollection->__construct(Object(CodeIgniter\Autoloader\FileLocator), Object(Config\Modules), null)
 2 SYSTEMPATH\Config\BaseService.php(258): CodeIgniter\Config\Services::routes(false)
 3 SYSTEMPATH\Config\BaseService.php(199): CodeIgniter\Config\BaseService::__callStatic('routes', [...])
 4 SYSTEMPATH\Config\Services.php(615): CodeIgniter\Config\BaseService::getSharedInstance('routes')
 5 SYSTEMPATH\Config\BaseService.php(258): CodeIgniter\Config\Services::routes()
 6 SYSTEMPATH\CodeIgniter.php(810): CodeIgniter\Config\BaseService::__callStatic('routes', [])
 7 SYSTEMPATH\CodeIgniter.php(450): CodeIgniter\CodeIgniter->tryToRouteIt(null)
 8 SYSTEMPATH\CodeIgniter.php(361): CodeIgniter\CodeIgniter->handleRequest(null, Object(Config\Cache), false)
 9 FCPATH\index.php(79): CodeIgniter\CodeIgniter->run()
CRITICAL - 2023-11-18 04:20:10 --> CodeIgniter\Router\RouteCollection::__construct(): Argument #3 ($routing) must be of type Config\Routing, null given, called in C:\xampp\htdocs\jb\system\Config\Services.php on line 618
in SYSTEMPATH\Router\RouteCollection.php on line 285.
 1 SYSTEMPATH\Config\Services.php(618): CodeIgniter\Router\RouteCollection->__construct(Object(CodeIgniter\Autoloader\FileLocator), Object(Config\Modules), null)
 2 SYSTEMPATH\Config\BaseService.php(258): CodeIgniter\Config\Services::routes(false)
 3 SYSTEMPATH\Config\BaseService.php(199): CodeIgniter\Config\BaseService::__callStatic('routes', [...])
 4 SYSTEMPATH\Config\Services.php(615): CodeIgniter\Config\BaseService::getSharedInstance('routes')
 5 SYSTEMPATH\Config\BaseService.php(258): CodeIgniter\Config\Services::routes()
 6 SYSTEMPATH\CodeIgniter.php(810): CodeIgniter\Config\BaseService::__callStatic('routes', [])
 7 SYSTEMPATH\CodeIgniter.php(450): CodeIgniter\CodeIgniter->tryToRouteIt(null)
 8 SYSTEMPATH\CodeIgniter.php(361): CodeIgniter\CodeIgniter->handleRequest(null, Object(Config\Cache), false)
 9 FCPATH\index.php(79): CodeIgniter\CodeIgniter->run()
CRITICAL - 2023-11-18 04:20:14 --> CodeIgniter\Router\RouteCollection::__construct(): Argument #3 ($routing) must be of type Config\Routing, null given, called in C:\xampp\htdocs\jb\system\Config\Services.php on line 618
in SYSTEMPATH\Router\RouteCollection.php on line 285.
 1 SYSTEMPATH\Config\Services.php(618): CodeIgniter\Router\RouteCollection->__construct(Object(CodeIgniter\Autoloader\FileLocator), Object(Config\Modules), null)
 2 SYSTEMPATH\Config\BaseService.php(258): CodeIgniter\Config\Services::routes(false)
 3 SYSTEMPATH\Config\BaseService.php(199): CodeIgniter\Config\BaseService::__callStatic('routes', [...])
 4 SYSTEMPATH\Config\Services.php(615): CodeIgniter\Config\BaseService::getSharedInstance('routes')
 5 SYSTEMPATH\Config\BaseService.php(258): CodeIgniter\Config\Services::routes()
 6 SYSTEMPATH\CodeIgniter.php(810): CodeIgniter\Config\BaseService::__callStatic('routes', [])
 7 SYSTEMPATH\CodeIgniter.php(450): CodeIgniter\CodeIgniter->tryToRouteIt(null)
 8 SYSTEMPATH\CodeIgniter.php(361): CodeIgniter\CodeIgniter->handleRequest(null, Object(Config\Cache), false)
 9 FCPATH\index.php(79): CodeIgniter\CodeIgniter->run()
