INFO - 2023-04-23 16:50:44 --> Session: Class initialized using 'CodeIgniter\Session\Handlers\FileHandler' driver.
INFO - 2023-04-23 16:50:44 --> Session: Class initialized using 'CodeIgniter\Session\Handlers\FileHandler' driver.
INFO - 2023-04-23 16:50:45 --> Session: Class initialized using 'CodeIgniter\Session\Handlers\FileHandler' driver.
INFO - 2023-04-23 16:50:47 --> Session: Class initialized using 'CodeIgniter\Session\Handlers\FileHandler' driver.
INFO - 2023-04-23 17:01:24 --> Session: Class initialized using 'CodeIgniter\Session\Handlers\FileHandler' driver.
INFO - 2023-04-23 17:01:25 --> Session: Class initialized using 'CodeIgniter\Session\Handlers\FileHandler' driver.
INFO - 2023-04-23 17:01:28 --> Session: Class initialized using 'CodeIgniter\Session\Handlers\FileHandler' driver.
INFO - 2023-04-23 17:01:31 --> Session: Class initialized using 'CodeIgniter\Session\Handlers\FileHandler' driver.
INFO - 2023-04-23 17:02:07 --> Session: Class initialized using 'CodeIgniter\Session\Handlers\FileHandler' driver.
INFO - 2023-04-23 17:02:38 --> Session: Class initialized using 'CodeIgniter\Session\Handlers\FileHandler' driver.
INFO - 2023-04-23 17:03:12 --> Session: Class initialized using 'CodeIgniter\Session\Handlers\FileHandler' driver.
INFO - 2023-04-23 17:05:46 --> Session: Class initialized using 'CodeIgniter\Session\Handlers\FileHandler' driver.
INFO - 2023-04-23 17:07:27 --> Session: Class initialized using 'CodeIgniter\Session\Handlers\FileHandler' driver.
INFO - 2023-04-23 17:07:53 --> Session: Class initialized using 'CodeIgniter\Session\Handlers\FileHandler' driver.
INFO - 2023-04-23 17:08:28 --> Session: Class initialized using 'CodeIgniter\Session\Handlers\FileHandler' driver.
INFO - 2023-04-23 22:21:56 --> Session: Class initialized using 'CodeIgniter\Session\Handlers\FileHandler' driver.
INFO - 2023-04-23 22:21:57 --> Session: Class initialized using 'CodeIgniter\Session\Handlers\FileHandler' driver.
INFO - 2023-04-23 22:22:00 --> Session: Class initialized using 'CodeIgniter\Session\Handlers\FileHandler' driver.
INFO - 2023-04-23 22:22:10 --> Session: Class initialized using 'CodeIgniter\Session\Handlers\FileHandler' driver.
INFO - 2023-04-23 22:23:35 --> Session: Class initialized using 'CodeIgniter\Session\Handlers\FileHandler' driver.
INFO - 2023-04-23 22:23:39 --> Session: Class initialized using 'CodeIgniter\Session\Handlers\FileHandler' driver.
INFO - 2023-04-23 22:23:41 --> Session: Class initialized using 'CodeIgniter\Session\Handlers\FileHandler' driver.
INFO - 2023-04-23 22:28:00 --> Session: Class initialized using 'CodeIgniter\Session\Handlers\FileHandler' driver.
INFO - 2023-04-23 22:28:05 --> Session: Class initialized using 'CodeIgniter\Session\Handlers\FileHandler' driver.
INFO - 2023-04-23 22:28:07 --> Session: Class initialized using 'CodeIgniter\Session\Handlers\FileHandler' driver.
INFO - 2023-04-23 22:35:26 --> Session: Class initialized using 'CodeIgniter\Session\Handlers\FileHandler' driver.
INFO - 2023-04-23 22:35:28 --> Session: Class initialized using 'CodeIgniter\Session\Handlers\FileHandler' driver.
INFO - 2023-04-23 22:36:14 --> Session: Class initialized using 'CodeIgniter\Session\Handlers\FileHandler' driver.
INFO - 2023-04-23 22:36:16 --> Session: Class initialized using 'CodeIgniter\Session\Handlers\FileHandler' driver.
INFO - 2023-04-23 22:36:32 --> Session: Class initialized using 'CodeIgniter\Session\Handlers\FileHandler' driver.
INFO - 2023-04-23 22:36:33 --> Session: Class initialized using 'CodeIgniter\Session\Handlers\FileHandler' driver.
INFO - 2023-04-23 22:36:35 --> Session: Class initialized using 'CodeIgniter\Session\Handlers\FileHandler' driver.
INFO - 2023-04-23 22:41:57 --> Session: Class initialized using 'CodeIgniter\Session\Handlers\FileHandler' driver.
INFO - 2023-04-23 22:42:01 --> Session: Class initialized using 'CodeIgniter\Session\Handlers\FileHandler' driver.
INFO - 2023-04-23 23:04:35 --> Session: Class initialized using 'CodeIgniter\Session\Handlers\FileHandler' driver.
INFO - 2023-04-23 23:04:37 --> Session: Class initialized using 'CodeIgniter\Session\Handlers\FileHandler' driver.
INFO - 2023-04-23 23:04:39 --> Session: Class initialized using 'CodeIgniter\Session\Handlers\FileHandler' driver.
ERROR - 2023-04-23 23:24:30 --> mysqli_sql_exception: Duplicate entry 'dois@tres.quatro' for key 'email' in /opt/lampp/htdocs/system/Database/MySQLi/Connection.php:295
Stack trace:
#0 /opt/lampp/htdocs/system/Database/MySQLi/Connection.php(295): mysqli->query('INSERT INTO `en...', 0)
#1 /opt/lampp/htdocs/system/Database/BaseConnection.php(691): CodeIgniter\Database\MySQLi\Connection->execute('INSERT INTO `en...')
#2 /opt/lampp/htdocs/system/Database/BaseConnection.php(605): CodeIgniter\Database\BaseConnection->simpleQuery('INSERT INTO `en...')
#3 /opt/lampp/htdocs/system/Database/BaseBuilder.php(2309): CodeIgniter\Database\BaseConnection->query('INSERT INTO `en...', Array, false)
#4 /opt/lampp/htdocs/app/Controllers/Admin.php(53): CodeIgniter\Database\BaseBuilder->insert(Array)
#5 /opt/lampp/htdocs/system/CodeIgniter.php(934): App\Controllers\Admin->entregador()
#6 /opt/lampp/htdocs/system/CodeIgniter.php(499): CodeIgniter\CodeIgniter->runController(Object(App\Controllers\Admin))
#7 /opt/lampp/htdocs/system/CodeIgniter.php(368): CodeIgniter\CodeIgniter->handleRequest(NULL, Object(Config\Cache), false)
#8 /opt/lampp/htdocs/public/index.php(74): CodeIgniter\CodeIgniter->run()
#9 {main}
CRITICAL - 2023-04-23 23:24:30 --> Duplicate entry 'dois@tres.quatro' for key 'email'
in SYSTEMPATH/Database/BaseConnection.php on line 645.
 1 SYSTEMPATH/Database/BaseBuilder.php(2309): CodeIgniter\Database\BaseConnection->query('INSERT INTO `entregadores` (`nome`, `email`, `senha`, `cpf`, `veiculo`, `placa`) VALUES (:nome:, :email:, :senha:, :cpf:, :veiculo:, :placa:)', [...], false)
 2 APPPATH/Controllers/Admin.php(53): CodeIgniter\Database\BaseBuilder->insert([...])
 3 SYSTEMPATH/CodeIgniter.php(934): App\Controllers\Admin->entregador()
 4 SYSTEMPATH/CodeIgniter.php(499): CodeIgniter\CodeIgniter->runController(Object(App\Controllers\Admin))
 5 SYSTEMPATH/CodeIgniter.php(368): CodeIgniter\CodeIgniter->handleRequest(null, Object(Config\Cache), false)
 6 FCPATH/index.php(74): CodeIgniter\CodeIgniter->run()
ERROR - 2023-04-23 23:29:42 --> mysqli_sql_exception: Duplicate entry 'robinho76@gmail.com' for key 'email' in /opt/lampp/htdocs/system/Database/MySQLi/Connection.php:295
Stack trace:
#0 /opt/lampp/htdocs/system/Database/MySQLi/Connection.php(295): mysqli->query('INSERT INTO `en...', 0)
#1 /opt/lampp/htdocs/system/Database/BaseConnection.php(691): CodeIgniter\Database\MySQLi\Connection->execute('INSERT INTO `en...')
#2 /opt/lampp/htdocs/system/Database/BaseConnection.php(605): CodeIgniter\Database\BaseConnection->simpleQuery('INSERT INTO `en...')
#3 /opt/lampp/htdocs/system/Database/BaseBuilder.php(2309): CodeIgniter\Database\BaseConnection->query('INSERT INTO `en...', Array, false)
#4 /opt/lampp/htdocs/app/Controllers/Admin.php(53): CodeIgniter\Database\BaseBuilder->insert(Array)
#5 /opt/lampp/htdocs/system/CodeIgniter.php(934): App\Controllers\Admin->entregador()
#6 /opt/lampp/htdocs/system/CodeIgniter.php(499): CodeIgniter\CodeIgniter->runController(Object(App\Controllers\Admin))
#7 /opt/lampp/htdocs/system/CodeIgniter.php(368): CodeIgniter\CodeIgniter->handleRequest(NULL, Object(Config\Cache), false)
#8 /opt/lampp/htdocs/public/index.php(74): CodeIgniter\CodeIgniter->run()
#9 {main}
CRITICAL - 2023-04-23 23:29:42 --> Duplicate entry 'robinho76@gmail.com' for key 'email'
in SYSTEMPATH/Database/BaseConnection.php on line 645.
 1 SYSTEMPATH/Database/BaseBuilder.php(2309): CodeIgniter\Database\BaseConnection->query('INSERT INTO `entregadores` (`nome`, `email`, `senha`, `cpf`, `veiculo`, `placa`) VALUES (:nome:, :email:, :senha:, :cpf:, :veiculo:, :placa:)', [...], false)
 2 APPPATH/Controllers/Admin.php(53): CodeIgniter\Database\BaseBuilder->insert([...])
 3 SYSTEMPATH/CodeIgniter.php(934): App\Controllers\Admin->entregador()
 4 SYSTEMPATH/CodeIgniter.php(499): CodeIgniter\CodeIgniter->runController(Object(App\Controllers\Admin))
 5 SYSTEMPATH/CodeIgniter.php(368): CodeIgniter\CodeIgniter->handleRequest(null, Object(Config\Cache), false)
 6 FCPATH/index.php(74): CodeIgniter\CodeIgniter->run()
INFO - 2023-04-23 23:38:52 --> Session: Class initialized using 'CodeIgniter\Session\Handlers\FileHandler' driver.
INFO - 2023-04-23 23:38:54 --> Session: Class initialized using 'CodeIgniter\Session\Handlers\FileHandler' driver.
INFO - 2023-04-23 23:38:54 --> Session: Class initialized using 'CodeIgniter\Session\Handlers\FileHandler' driver.
INFO - 2023-04-23 23:38:55 --> Session: Class initialized using 'CodeIgniter\Session\Handlers\FileHandler' driver.
INFO - 2023-04-23 23:38:58 --> Session: Class initialized using 'CodeIgniter\Session\Handlers\FileHandler' driver.
INFO - 2023-04-23 23:39:05 --> Session: Class initialized using 'CodeIgniter\Session\Handlers\FileHandler' driver.
INFO - 2023-04-23 23:39:12 --> Session: Class initialized using 'CodeIgniter\Session\Handlers\FileHandler' driver.
INFO - 2023-04-23 23:39:14 --> Session: Class initialized using 'CodeIgniter\Session\Handlers\FileHandler' driver.
INFO - 2023-04-23 23:39:30 --> Session: Class initialized using 'CodeIgniter\Session\Handlers\FileHandler' driver.
INFO - 2023-04-23 23:40:39 --> Session: Class initialized using 'CodeIgniter\Session\Handlers\FileHandler' driver.
INFO - 2023-04-23 23:40:39 --> Session: Class initialized using 'CodeIgniter\Session\Handlers\FileHandler' driver.
INFO - 2023-04-23 23:40:40 --> Session: Class initialized using 'CodeIgniter\Session\Handlers\FileHandler' driver.
INFO - 2023-04-23 23:40:40 --> Session: Class initialized using 'CodeIgniter\Session\Handlers\FileHandler' driver.
INFO - 2023-04-23 23:41:09 --> Session: Class initialized using 'CodeIgniter\Session\Handlers\FileHandler' driver.
INFO - 2023-04-23 23:41:38 --> Session: Class initialized using 'CodeIgniter\Session\Handlers\FileHandler' driver.
INFO - 2023-04-23 23:41:41 --> Session: Class initialized using 'CodeIgniter\Session\Handlers\FileHandler' driver.
ERROR - 2023-04-23 23:42:12 --> mysqli_sql_exception: You have an error in your SQL syntax; check the manual that corresponds to your MariaDB server version for the right syntax to use near 'IS NULL' at line 3 in /opt/lampp/htdocs/system/Database/MySQLi/Connection.php:295
Stack trace:
#0 /opt/lampp/htdocs/system/Database/MySQLi/Connection.php(295): mysqli->query('UPDATE `entrega...', 0)
#1 /opt/lampp/htdocs/system/Database/BaseConnection.php(691): CodeIgniter\Database\MySQLi\Connection->execute('UPDATE `entrega...')
#2 /opt/lampp/htdocs/system/Database/BaseConnection.php(605): CodeIgniter\Database\BaseConnection->simpleQuery('UPDATE `entrega...')
#3 /opt/lampp/htdocs/system/Database/BaseBuilder.php(2476): CodeIgniter\Database\BaseConnection->query('UPDATE `entrega...', Array, false)
#4 /opt/lampp/htdocs/app/Controllers/Admin.php(68): CodeIgniter\Database\BaseBuilder->update('ultimo_pedido', '')
#5 /opt/lampp/htdocs/system/CodeIgniter.php(934): App\Controllers\Admin->entregador()
#6 /opt/lampp/htdocs/system/CodeIgniter.php(499): CodeIgniter\CodeIgniter->runController(Object(App\Controllers\Admin))
#7 /opt/lampp/htdocs/system/CodeIgniter.php(368): CodeIgniter\CodeIgniter->handleRequest(NULL, Object(Config\Cache), false)
#8 /opt/lampp/htdocs/public/index.php(74): CodeIgniter\CodeIgniter->run()
#9 {main}
CRITICAL - 2023-04-23 23:42:12 --> You have an error in your SQL syntax; check the manual that corresponds to your MariaDB server version for the right syntax to use near 'IS NULL' at line 3
in SYSTEMPATH/Database/BaseConnection.php on line 645.
 1 SYSTEMPATH/Database/BaseBuilder.php(2476): CodeIgniter\Database\BaseConnection->query('UPDATE `entregadores` SET `ultimo_pedido` = :ultimo_pedido:
WHERE `id` = :id:
AND  IS NULL', [...], false)
 2 APPPATH/Controllers/Admin.php(68): CodeIgniter\Database\BaseBuilder->update('ultimo_pedido', 'ROOTPATH/public')
 3 SYSTEMPATH/CodeIgniter.php(934): App\Controllers\Admin->entregador()
 4 SYSTEMPATH/CodeIgniter.php(499): CodeIgniter\CodeIgniter->runController(Object(App\Controllers\Admin))
 5 SYSTEMPATH/CodeIgniter.php(368): CodeIgniter\CodeIgniter->handleRequest(null, Object(Config\Cache), false)
 6 FCPATH/index.php(74): CodeIgniter\CodeIgniter->run()
ERROR - 2023-04-23 23:42:17 --> mysqli_sql_exception: You have an error in your SQL syntax; check the manual that corresponds to your MariaDB server version for the right syntax to use near 'IS NULL' at line 3 in /opt/lampp/htdocs/system/Database/MySQLi/Connection.php:295
Stack trace:
#0 /opt/lampp/htdocs/system/Database/MySQLi/Connection.php(295): mysqli->query('UPDATE `entrega...', 0)
#1 /opt/lampp/htdocs/system/Database/BaseConnection.php(691): CodeIgniter\Database\MySQLi\Connection->execute('UPDATE `entrega...')
#2 /opt/lampp/htdocs/system/Database/BaseConnection.php(605): CodeIgniter\Database\BaseConnection->simpleQuery('UPDATE `entrega...')
#3 /opt/lampp/htdocs/system/Database/BaseBuilder.php(2476): CodeIgniter\Database\BaseConnection->query('UPDATE `entrega...', Array, false)
#4 /opt/lampp/htdocs/app/Controllers/Admin.php(68): CodeIgniter\Database\BaseBuilder->update('ultimo_pedido', '')
#5 /opt/lampp/htdocs/system/CodeIgniter.php(934): App\Controllers\Admin->entregador()
#6 /opt/lampp/htdocs/system/CodeIgniter.php(499): CodeIgniter\CodeIgniter->runController(Object(App\Controllers\Admin))
#7 /opt/lampp/htdocs/system/CodeIgniter.php(368): CodeIgniter\CodeIgniter->handleRequest(NULL, Object(Config\Cache), false)
#8 /opt/lampp/htdocs/public/index.php(74): CodeIgniter\CodeIgniter->run()
#9 {main}
CRITICAL - 2023-04-23 23:42:17 --> You have an error in your SQL syntax; check the manual that corresponds to your MariaDB server version for the right syntax to use near 'IS NULL' at line 3
in SYSTEMPATH/Database/BaseConnection.php on line 645.
 1 SYSTEMPATH/Database/BaseBuilder.php(2476): CodeIgniter\Database\BaseConnection->query('UPDATE `entregadores` SET `ultimo_pedido` = :ultimo_pedido:
WHERE `id` = :id:
AND  IS NULL', [...], false)
 2 APPPATH/Controllers/Admin.php(68): CodeIgniter\Database\BaseBuilder->update('ultimo_pedido', 'ROOTPATH/public')
 3 SYSTEMPATH/CodeIgniter.php(934): App\Controllers\Admin->entregador()
 4 SYSTEMPATH/CodeIgniter.php(499): CodeIgniter\CodeIgniter->runController(Object(App\Controllers\Admin))
 5 SYSTEMPATH/CodeIgniter.php(368): CodeIgniter\CodeIgniter->handleRequest(null, Object(Config\Cache), false)
 6 FCPATH/index.php(74): CodeIgniter\CodeIgniter->run()
INFO - 2023-04-23 23:43:27 --> Session: Class initialized using 'CodeIgniter\Session\Handlers\FileHandler' driver.
INFO - 2023-04-23 23:43:28 --> Session: Class initialized using 'CodeIgniter\Session\Handlers\FileHandler' driver.
INFO - 2023-04-23 23:45:09 --> Session: Class initialized using 'CodeIgniter\Session\Handlers\FileHandler' driver.
INFO - 2023-04-23 23:45:10 --> Session: Class initialized using 'CodeIgniter\Session\Handlers\FileHandler' driver.
INFO - 2023-04-23 23:45:12 --> Session: Class initialized using 'CodeIgniter\Session\Handlers\FileHandler' driver.
INFO - 2023-04-23 23:49:13 --> Session: Class initialized using 'CodeIgniter\Session\Handlers\FileHandler' driver.
INFO - 2023-04-23 23:49:26 --> Session: Class initialized using 'CodeIgniter\Session\Handlers\FileHandler' driver.
INFO - 2023-04-23 23:49:27 --> Session: Class initialized using 'CodeIgniter\Session\Handlers\FileHandler' driver.
INFO - 2023-04-23 23:49:28 --> Session: Class initialized using 'CodeIgniter\Session\Handlers\FileHandler' driver.
INFO - 2023-04-23 23:50:32 --> Session: Class initialized using 'CodeIgniter\Session\Handlers\FileHandler' driver.
INFO - 2023-04-23 23:51:02 --> Session: Class initialized using 'CodeIgniter\Session\Handlers\FileHandler' driver.
INFO - 2023-04-23 23:51:03 --> Session: Class initialized using 'CodeIgniter\Session\Handlers\FileHandler' driver.
INFO - 2023-04-23 23:51:08 --> Session: Class initialized using 'CodeIgniter\Session\Handlers\FileHandler' driver.
INFO - 2023-04-23 23:51:18 --> Session: Class initialized using 'CodeIgniter\Session\Handlers\FileHandler' driver.
INFO - 2023-04-23 23:56:55 --> Session: Class initialized using 'CodeIgniter\Session\Handlers\FileHandler' driver.
INFO - 2023-04-23 23:57:02 --> Session: Class initialized using 'CodeIgniter\Session\Handlers\FileHandler' driver.
INFO - 2023-04-23 23:57:05 --> Session: Class initialized using 'CodeIgniter\Session\Handlers\FileHandler' driver.
INFO - 2023-04-23 23:57:27 --> Session: Class initialized using 'CodeIgniter\Session\Handlers\FileHandler' driver.
INFO - 2023-04-23 23:57:53 --> Session: Class initialized using 'CodeIgniter\Session\Handlers\FileHandler' driver.
INFO - 2023-04-23 23:57:54 --> Session: Class initialized using 'CodeIgniter\Session\Handlers\FileHandler' driver.
INFO - 2023-04-23 23:58:57 --> Session: Class initialized using 'CodeIgniter\Session\Handlers\FileHandler' driver.
INFO - 2023-04-23 23:59:28 --> Session: Class initialized using 'CodeIgniter\Session\Handlers\FileHandler' driver.
INFO - 2023-04-23 23:59:56 --> Session: Class initialized using 'CodeIgniter\Session\Handlers\FileHandler' driver.
INFO - 2023-04-23 23:59:57 --> Session: Class initialized using 'CodeIgniter\Session\Handlers\FileHandler' driver.
